app/build/outputs/logs/manifest-merger-debug-report.txt
-- Merging decision tree log ---
manifest
ADDED from src\main\AndroidManifest.xml:2:1-27:12
	package
		ADDED from src\main\AndroidManifest.xml:3:7-38
		INJECTED from src\main\AndroidManifest.xml
		INJECTED from src\main\AndroidManifest.xml
	android:versionName
		ADDED from src\main\AndroidManifest.xml:5:7-32
	android:versionCode
		ADDED from src\main\AndroidManifest.xml:4:7-30
		INJECTED from src\main\AndroidManifest.xml
		INJECTED from src\main\AndroidManifest.xml
	xmlns:android
		ADDED from src\main\AndroidManifest.xml:2:11-69
application
ADDED from src\main\AndroidManifest.xml:7:3-25:17
	android:label
		ADDED from src\main\AndroidManifest.xml:8:13-39
uses-sdk
ADDED from src\main\AndroidManifest.xml:9:5-11:51
	android:targetSdkVersion
		ADDED from src\main\AndroidManifest.xml:11:9-39
		INJECTED from src\main\AndroidManifest.xml
		INJECTED from src\main\AndroidManifest.xml
	android:minSdkVersion
		ADDED from src\main\AndroidManifest.xml:10:9-34
		INJECTED from src\main\AndroidManifest.xml
		INJECTED from src\main\AndroidManifest.xml
activity#com.example.coverflow.CoverFlowExample
ADDED from src\main\AndroidManifest.xml:12:5-18:16
	android:name
		ADDED from src\main\AndroidManifest.xml:12:15-46
intent-filter#android.intent.action.MAIN+android.intent.category.DEFAULT+android.intent.category.LAUNCHER
ADDED from src\main\AndroidManifest.xml:13:8-17:24
action#android.intent.action.MAIN
ADDED from src\main\AndroidManifest.xml:14:11-63
	android:name
		ADDED from src\main\AndroidManifest.xml:14:19-60
category#android.intent.category.DEFAULT
ADDED from src\main\AndroidManifest.xml:15:11-70
	android:name
		ADDED from src\main\AndroidManifest.xml:15:21-67
category#android.intent.category.LAUNCHER
ADDED from src\main\AndroidManifest.xml:16:11-71
	android:name
		ADDED from src\main\AndroidManifest.xml:16:21-68
activity#com.example.coverflow.Example2
ADDED from src\main\AndroidManifest.xml:19:5-24:16
	android:name
		ADDED from src\main\AndroidManifest.xml:19:15-38
intent-filter#android.intent.action.MAIN+android.intent.category.DEFAULT
ADDED from src\main\AndroidManifest.xml:20:8-23:24